# JRE version: Java(TM) SE Runtime Environment (8.0_261-b12) (build 1.8.0_261-b12)
# Java VM: Java HotSpot(TM) 64-Bit Server VM (25.261-b12 mixed mode windows-amd64 compressed oops)
Heap:
 PSYoungGen      total 105984K, used 28660K [0x00000000f5580000, 0x00000000fee00000, 0x0000000100000000)
  eden space 93184K, 17% used [0x00000000f5580000,0x00000000f6500fe8,0x00000000fb080000)
  from space 12800K, 99% used [0x00000000fe180000,0x00000000fedfc040,0x00000000fee00000)
  to   space 13312K, 0% used [0x00000000fb080000,0x00000000fb080000,0x00000000fbd80000)
 ParOldGen       total 194048K, used 19020K [0x00000000e0000000, 0x00000000ebd80000, 0x00000000f5580000)
  object space 194048K, 9% used [0x00000000e0000000,0x00000000e12932d8,0x00000000ebd80000)
 Metaspace       used 41410K, capacity 42510K, committed 42624K, reserved 1085440K
  class space    used 5940K, capacity 6267K, committed 6272K, reserved 1048576K
GC Heap History (10 events):
Event: 17.802 GC heap before
{Heap before GC invocations=6 (full 1):
 PSYoungGen      total 76288K, used 73989K [0x00000000f5580000, 0x00000000fc000000, 0x0000000100000000)
  eden space 65536K, 100% used [0x00000000f5580000,0x00000000f9580000,0x00000000f9580000)
  from space 10752K, 78% used [0x00000000fa000000,0x00000000fa841490,0x00000000faa80000)
  to   space 10752K, 0% used [0x00000000f9580000,0x00000000f9580000,0x00000000fa000000)
 ParOldGen       total 175104K, used 11854K [0x00000000e0000000, 0x00000000eab00000, 0x00000000f5580000)
  object space 175104K, 6% used [0x00000000e0000000,0x00000000e0b93ae0,0x00000000eab00000)
 Metaspace       used 31639K, capacity 32262K, committed 32640K, reserved 1077248K
  class space    used 4408K, capacity 4615K, committed 4736K, reserved 1048576K
Event: 17.856 GC heap after
Heap after GC invocations=6 (full 1):
 PSYoungGen      total 76288K, used 9480K [0x00000000f5580000, 0x00000000fca00000, 0x0000000100000000)
  eden space 65536K, 0% used [0x00000000f5580000,0x00000000f5580000,0x00000000f9580000)
  from space 10752K, 88% used [0x00000000f9580000,0x00000000f9ec23f8,0x00000000fa000000)
  to   space 12800K, 0% used [0x00000000fbd80000,0x00000000fbd80000,0x00000000fca00000)
 ParOldGen       total 175104K, used 11862K [0x00000000e0000000, 0x00000000eab00000, 0x00000000f5580000)
  object space 175104K, 6% used [0x00000000e0000000,0x00000000e0b95ae0,0x00000000eab00000)
 Metaspace       used 31639K, capacity 32262K, committed 32640K, reserved 1077248K
  class space    used 4408K, capacity 4615K, committed 4736K, reserved 1048576K
}
Event: 19.855 GC heap before
{Heap before GC invocations=7 (full 1):
 PSYoungGen      total 76288K, used 67315K [0x00000000f5580000, 0x00000000fca00000, 0x0000000100000000)
  eden space 65536K, 88% used [0x00000000f5580000,0x00000000f8dfa848,0x00000000f9580000)
  from space 10752K, 88% used [0x00000000f9580000,0x00000000f9ec23f8,0x00000000fa000000)
  to   space 12800K, 0% used [0x00000000fbd80000,0x00000000fbd80000,0x00000000fca00000)
 ParOldGen       total 175104K, used 11862K [0x00000000e0000000, 0x00000000eab00000, 0x00000000f5580000)
  object space 175104K, 6% used [0x00000000e0000000,0x00000000e0b95ae0,0x00000000eab00000)
 Metaspace       used 34589K, capacity 35272K, committed 35416K, reserved 1079296K
  class space    used 4862K, capacity 5079K, committed 5120K, reserved 1048576K
Event: 19.913 GC heap after
Heap after GC invocations=7 (full 1):
 PSYoungGen      total 105984K, used 10974K [0x00000000f5580000, 0x00000000fcf80000, 0x0000000100000000)
  eden space 93184K, 0% used [0x00000000f5580000,0x00000000f5580000,0x00000000fb080000)
  from space 12800K, 85% used [0x00000000fbd80000,0x00000000fc8378e8,0x00000000fca00000)
  to   space 13312K, 0% used [0x00000000fb080000,0x00000000fb080000,0x00000000fbd80000)
 ParOldGen       total 175104K, used 11870K [0x00000000e0000000, 0x00000000eab00000, 0x00000000f5580000)
  object space 175104K, 6% used [0x00000000e0000000,0x00000000e0b97ae0,0x00000000eab00000)
 Metaspace       used 34589K, capacity 35272K, committed 35416K, reserved 1079296K
  class space    used 4862K, capacity 5079K, committed 5120K, reserved 1048576K
}
Event: 19.913 GC heap before
{Heap before GC invocations=8 (full 2):
 PSYoungGen      total 105984K, used 10974K [0x00000000f5580000, 0x00000000fcf80000, 0x0000000100000000)
  eden space 93184K, 0% used [0x00000000f5580000,0x00000000f5580000,0x00000000fb080000)
  from space 12800K, 85% used [0x00000000fbd80000,0x00000000fc8378e8,0x00000000fca00000)
  to   space 13312K, 0% used [0x00000000fb080000,0x00000000fb080000,0x00000000fbd80000)
 ParOldGen       total 175104K, used 11870K [0x00000000e0000000, 0x00000000eab00000, 0x00000000f5580000)
  object space 175104K, 6% used [0x00000000e0000000,0x00000000e0b97ae0,0x00000000eab00000)
 Metaspace       used 34589K, capacity 35272K, committed 35416K, reserved 1079296K
  class space    used 4862K, capacity 5079K, committed 5120K, reserved 1048576K
Event: 20.138 GC heap after
Heap after GC invocations=8 (full 2):
 PSYoungGen      total 105984K, used 0K [0x00000000f5580000, 0x00000000fcf80000, 0x0000000100000000)
  eden space 93184K, 0% used [0x00000000f5580000,0x00000000f5580000,0x00000000fb080000)
  from space 12800K, 0% used [0x00000000fbd80000,0x00000000fbd80000,0x00000000fca00000)
  to   space 13312K, 0% used [0x00000000fb080000,0x00000000fb080000,0x00000000fbd80000)
 ParOldGen       total 194048K, used 17509K [0x00000000e0000000, 0x00000000ebd80000, 0x00000000f5580000)
  object space 194048K, 9% used [0x00000000e0000000,0x00000000e1119700,0x00000000ebd80000)
 Metaspace       used 34589K, capacity 35272K, committed 35416K, reserved 1079296K
  class space    used 4862K, capacity 5079K, committed 5120K, reserved 1048576K
}
Event: 24.857 GC heap before
{Heap before GC invocations=9 (full 2):
 PSYoungGen      total 105984K, used 93184K [0x00000000f5580000, 0x00000000fcf80000, 0x0000000100000000)
  eden space 93184K, 100% used [0x00000000f5580000,0x00000000fb080000,0x00000000fb080000)
  from space 12800K, 0% used [0x00000000fbd80000,0x00000000fbd80000,0x00000000fca00000)
  to   space 13312K, 0% used [0x00000000fb080000,0x00000000fb080000,0x00000000fbd80000)
 ParOldGen       total 194048K, used 17509K [0x00000000e0000000, 0x00000000ebd80000, 0x00000000f5580000)
  object space 194048K, 9% used [0x00000000e0000000,0x00000000e1119700,0x00000000ebd80000)
 Metaspace       used 38515K, capacity 39404K, committed 39552K, reserved 1083392K
  class space    used 5431K, capacity 5673K, committed 5760K, reserved 1048576K
Event: 24.922 GC heap after
Heap after GC invocations=9 (full 2):
 PSYoungGen      total 106496K, used 9096K [0x00000000f5580000, 0x00000000fee00000, 0x0000000100000000)
  eden space 93184K, 0% used [0x00000000f5580000,0x00000000f5580000,0x00000000fb080000)
  from space 13312K, 68% used [0x00000000fb080000,0x00000000fb962010,0x00000000fbd80000)
  to   space 12800K, 0% used [0x00000000fe180000,0x00000000fe180000,0x00000000fee00000)
 ParOldGen       total 194048K, used 17509K [0x00000000e0000000, 0x00000000ebd80000, 0x00000000f5580000)
  object space 194048K, 9% used [0x00000000e0000000,0x00000000e1119700,0x00000000ebd80000)
 Metaspace       used 38515K, capacity 39404K, committed 39552K, reserved 1083392K
  class space    used 5431K, capacity 5673K, committed 5760K, reserved 1048576K
}
Event: 28.561 GC heap before
{Heap before GC invocations=10 (full 2):
 PSYoungGen      total 106496K, used 102280K [0x00000000f5580000, 0x00000000fee00000, 0x0000000100000000)
  eden space 93184K, 100% used [0x00000000f5580000,0x00000000fb080000,0x00000000fb080000)
  from space 13312K, 68% used [0x00000000fb080000,0x00000000fb962010,0x00000000fbd80000)
  to   space 12800K, 0% used [0x00000000fe180000,0x00000000fe180000,0x00000000fee00000)
 ParOldGen       total 194048K, used 17509K [0x00000000e0000000, 0x00000000ebd80000, 0x00000000f5580000)
  object space 194048K, 9% used [0x00000000e0000000,0x00000000e1119700,0x00000000ebd80000)
 Metaspace       used 40968K, capacity 42024K, committed 42368K, reserved 1085440K
  class space    used 5875K, capacity 6193K, committed 6272K, reserved 1048576K
Event: 28.605 GC heap after
Heap after GC invocations=10 (full 2):
 PSYoungGen      total 105984K, used 12784K [0x00000000f5580000, 0x00000000fee00000, 0x0000000100000000)
  eden space 93184K, 0% used [0x00000000f5580000,0x00000000f5580000,0x00000000fb080000)
  from space 12800K, 99% used [0x00000000fe180000,0x00000000fedfc040,0x00000000fee00000)
  to   space 13312K, 0% used [0x00000000fb080000,0x00000000fb080000,0x00000000fbd80000)
 ParOldGen       total 194048K, used 19020K [0x00000000e0000000, 0x00000000ebd80000, 0x00000000f5580000)
  object space 194048K, 9% used [0x00000000e0000000,0x00000000e12932d8,0x00000000ebd80000)
 Metaspace       used 40968K, capacity 42024K, committed 42368K, reserved 1085440K
  class space    used 5875K, capacity 6193K, committed 6272K, reserved 1048576K
}

